<?xml version="1.0" encoding="UTF-8"?>
<testsuite name="com.nikzzzn.hospitalserver.controller.PatientControllerTest" tests="3" skipped="0" failures="0" errors="0" timestamp="2022-01-22T22:19:04" hostname="HOME" time="0.682">
  <properties/>
  <testcase name="save_patient_url_should_return_new_patient()" classname="com.nikzzzn.hospitalserver.controller.PatientControllerTest" time="0.608"/>
  <testcase name="patients_url_should_return_json_with_patients()" classname="com.nikzzzn.hospitalserver.controller.PatientControllerTest" time="0.027"/>
  <testcase name="patient_search_url_should_return_found_patients()" classname="com.nikzzzn.hospitalserver.controller.PatientControllerTest" time="0.035"/>
  <system-out><![CDATA[23:18:56.066 [Test worker] DEBUG org.springframework.test.context.BootstrapUtils - Instantiating CacheAwareContextLoaderDelegate from class [org.springframework.test.context.cache.DefaultCacheAwareContextLoaderDelegate]
23:18:56.139 [Test worker] DEBUG org.springframework.test.context.BootstrapUtils - Instantiating BootstrapContext using constructor [public org.springframework.test.context.support.DefaultBootstrapContext(java.lang.Class,org.springframework.test.context.CacheAwareContextLoaderDelegate)]
23:18:56.307 [Test worker] DEBUG org.springframework.test.context.BootstrapUtils - Instantiating TestContextBootstrapper for test class [com.nikzzzn.hospitalserver.controller.PatientControllerTest] from class [org.springframework.boot.test.autoconfigure.web.servlet.WebMvcTestContextBootstrapper]
23:18:56.341 [Test worker] INFO org.springframework.boot.test.autoconfigure.web.servlet.WebMvcTestContextBootstrapper - Neither @ContextConfiguration nor @ContextHierarchy found for test class [com.nikzzzn.hospitalserver.controller.PatientControllerTest], using SpringBootContextLoader
23:18:56.353 [Test worker] DEBUG org.springframework.test.context.support.AbstractContextLoader - Did not detect default resource location for test class [com.nikzzzn.hospitalserver.controller.PatientControllerTest]: class path resource [com/nikzzzn/hospitalserver/controller/PatientControllerTest-context.xml] does not exist
23:18:56.354 [Test worker] DEBUG org.springframework.test.context.support.AbstractContextLoader - Did not detect default resource location for test class [com.nikzzzn.hospitalserver.controller.PatientControllerTest]: class path resource [com/nikzzzn/hospitalserver/controller/PatientControllerTestContext.groovy] does not exist
23:18:56.355 [Test worker] INFO org.springframework.test.context.support.AbstractContextLoader - Could not detect default resource locations for test class [com.nikzzzn.hospitalserver.controller.PatientControllerTest]: no resource found for suffixes {-context.xml, Context.groovy}.
23:18:56.357 [Test worker] INFO org.springframework.test.context.support.AnnotationConfigContextLoaderUtils - Could not detect default configuration classes for test class [com.nikzzzn.hospitalserver.controller.PatientControllerTest]: PatientControllerTest does not declare any static, non-private, non-final, nested classes annotated with @Configuration.
23:18:56.673 [Test worker] DEBUG org.springframework.test.context.support.ActiveProfilesUtils - Could not find an 'annotation declaring class' for annotation type [org.springframework.test.context.ActiveProfiles] and class [com.nikzzzn.hospitalserver.controller.PatientControllerTest]
23:18:56.882 [Test worker] DEBUG org.springframework.context.annotation.ClassPathScanningCandidateComponentProvider - Identified candidate component class: file [E:\Java projects\new\hospital\hospital-server\build\classes\java\main\com\nikzzzn\hospitalserver\HospitalServerApplication.class]
23:18:56.884 [Test worker] INFO org.springframework.boot.test.context.SpringBootTestContextBootstrapper - Found @SpringBootConfiguration com.nikzzzn.hospitalserver.HospitalServerApplication for test class com.nikzzzn.hospitalserver.controller.PatientControllerTest
23:18:56.897 [Test worker] DEBUG org.springframework.boot.test.autoconfigure.web.servlet.WebMvcTestContextBootstrapper - @TestExecutionListeners is not present for class [com.nikzzzn.hospitalserver.controller.PatientControllerTest]: using defaults.
23:18:56.899 [Test worker] INFO org.springframework.boot.test.autoconfigure.web.servlet.WebMvcTestContextBootstrapper - Loaded default TestExecutionListener class names from location [META-INF/spring.factories]: [org.springframework.boot.test.autoconfigure.restdocs.RestDocsTestExecutionListener, org.springframework.boot.test.autoconfigure.web.client.MockRestServiceServerResetTestExecutionListener, org.springframework.boot.test.autoconfigure.web.servlet.MockMvcPrintOnlyOnFailureTestExecutionListener, org.springframework.boot.test.autoconfigure.web.servlet.WebDriverTestExecutionListener, org.springframework.boot.test.autoconfigure.webservices.client.MockWebServiceServerTestExecutionListener, org.springframework.boot.test.mock.mockito.MockitoTestExecutionListener, org.springframework.boot.test.mock.mockito.ResetMocksTestExecutionListener, org.springframework.test.context.web.ServletTestExecutionListener, org.springframework.test.context.support.DirtiesContextBeforeModesTestExecutionListener, org.springframework.test.context.event.ApplicationEventsTestExecutionListener, org.springframework.test.context.support.DependencyInjectionTestExecutionListener, org.springframework.test.context.support.DirtiesContextTestExecutionListener, org.springframework.test.context.transaction.TransactionalTestExecutionListener, org.springframework.test.context.jdbc.SqlScriptsTestExecutionListener, org.springframework.test.context.event.EventPublishingTestExecutionListener]
23:18:56.948 [Test worker] INFO org.springframework.boot.test.autoconfigure.web.servlet.WebMvcTestContextBootstrapper - Using TestExecutionListeners: [org.springframework.test.context.web.ServletTestExecutionListener@45cff11c, org.springframework.test.context.support.DirtiesContextBeforeModesTestExecutionListener@207ea13, org.springframework.test.context.event.ApplicationEventsTestExecutionListener@4bff1903, org.springframework.boot.test.mock.mockito.MockitoTestExecutionListener@62dae540, org.springframework.boot.test.autoconfigure.SpringBootDependencyInjectionTestExecutionListener@5827af16, org.springframework.test.context.support.DirtiesContextTestExecutionListener@654d8173, org.springframework.test.context.transaction.TransactionalTestExecutionListener@56c9bbd8, org.springframework.test.context.jdbc.SqlScriptsTestExecutionListener@630cb4a4, org.springframework.test.context.event.EventPublishingTestExecutionListener@636e8cc, org.springframework.boot.test.autoconfigure.restdocs.RestDocsTestExecutionListener@f79a760, org.springframework.boot.test.autoconfigure.web.client.MockRestServiceServerResetTestExecutionListener@14f5da2c, org.springframework.boot.test.autoconfigure.web.servlet.MockMvcPrintOnlyOnFailureTestExecutionListener@12dae582, org.springframework.boot.test.autoconfigure.web.servlet.WebDriverTestExecutionListener@239b0f9d, org.springframework.boot.test.autoconfigure.webservices.client.MockWebServiceServerTestExecutionListener@619bfe29, org.springframework.boot.test.mock.mockito.ResetMocksTestExecutionListener@5b057c8c]
23:18:56.959 [Test worker] DEBUG org.springframework.test.context.support.AbstractDirtiesContextTestExecutionListener - Before test class: context [DefaultTestContext@1623134f testClass = PatientControllerTest, testInstance = [null], testMethod = [null], testException = [null], mergedContextConfiguration = [WebMergedContextConfiguration@7a527389 testClass = PatientControllerTest, locations = '{}', classes = '{class com.nikzzzn.hospitalserver.HospitalServerApplication}', contextInitializerClasses = '[]', activeProfiles = '{}', propertySourceLocations = '{}', propertySourceProperties = '{org.springframework.boot.test.autoconfigure.web.servlet.WebMvcTestContextBootstrapper=true}', contextCustomizers = set[org.springframework.boot.test.autoconfigure.OverrideAutoConfigurationContextCustomizerFactory$DisableAutoConfigurationContextCustomizer@eda25e5, org.springframework.boot.test.autoconfigure.actuate.metrics.MetricsExportContextCustomizerFactory$DisableMetricExportContextCustomizer@2fc6f97f, org.springframework.boot.test.autoconfigure.filter.TypeExcludeFiltersContextCustomizer@494772be, org.springframework.boot.test.autoconfigure.properties.PropertyMappingContextCustomizer@de5f2470, org.springframework.boot.test.autoconfigure.web.servlet.WebDriverContextCustomizerFactory$Customizer@6c45ee6e, [ImportsContextCustomizer@485a3466 key = [org.springframework.boot.autoconfigure.cache.CacheAutoConfiguration, org.springframework.boot.autoconfigure.context.MessageSourceAutoConfiguration, org.springframework.boot.autoconfigure.data.web.SpringDataWebAutoConfiguration, org.springframework.boot.autoconfigure.freemarker.FreeMarkerAutoConfiguration, org.springframework.boot.autoconfigure.groovy.template.GroovyTemplateAutoConfiguration, org.springframework.boot.autoconfigure.gson.GsonAutoConfiguration, org.springframework.boot.autoconfigure.hateoas.HypermediaAutoConfiguration, org.springframework.boot.autoconfigure.http.HttpMessageConvertersAutoConfiguration, org.springframework.boot.autoconfigure.jackson.JacksonAutoConfiguration, org.springframework.boot.autoconfigure.jsonb.JsonbAutoConfiguration, org.springframework.boot.autoconfigure.mustache.MustacheAutoConfiguration, org.springframework.boot.autoconfigure.task.TaskExecutionAutoConfiguration, org.springframework.boot.autoconfigure.thymeleaf.ThymeleafAutoConfiguration, org.springframework.boot.autoconfigure.validation.ValidationAutoConfiguration, org.springframework.boot.autoconfigure.web.servlet.error.ErrorMvcAutoConfiguration, org.springframework.boot.autoconfigure.web.servlet.HttpEncodingAutoConfiguration, org.springframework.boot.autoconfigure.web.servlet.WebMvcAutoConfiguration, org.springframework.boot.test.autoconfigure.web.servlet.MockMvcAutoConfiguration, org.springframework.boot.test.autoconfigure.web.servlet.MockMvcWebClientAutoConfiguration, org.springframework.boot.test.autoconfigure.web.servlet.MockMvcWebDriverAutoConfiguration, org.springframework.boot.autoconfigure.security.oauth2.client.servlet.OAuth2ClientAutoConfiguration, org.springframework.boot.autoconfigure.security.oauth2.resource.servlet.OAuth2ResourceServerAutoConfiguration, org.springframework.boot.autoconfigure.security.servlet.SecurityAutoConfiguration, org.springframework.boot.autoconfigure.security.servlet.SecurityFilterAutoConfiguration, org.springframework.boot.autoconfigure.security.servlet.UserDetailsServiceAutoConfiguration, org.springframework.boot.test.autoconfigure.web.servlet.MockMvcSecurityConfiguration, org.springframework.boot.test.autoconfigure.web.reactive.WebTestClientAutoConfiguration]], org.springframework.boot.test.context.filter.ExcludeFilterContextCustomizer@34f7234e, org.springframework.boot.test.json.DuplicateJsonObjectContextCustomizerFactory$DuplicateJsonObjectContextCustomizer@4983159f, org.springframework.boot.test.mock.mockito.MockitoContextCustomizer@2b5850e4, org.springframework.boot.test.context.SpringBootTestArgs@1, org.springframework.boot.test.context.SpringBootTestWebEnvironment@0], resourceBasePath = 'src/main/webapp', contextLoader = 'org.springframework.boot.test.context.SpringBootContextLoader', parent = [null]], attributes = map[[empty]]], class annotated with @DirtiesContext [false] with mode [null].
23:18:57.103 [Test worker] DEBUG org.springframework.boot.ApplicationServletEnvironment - Activating profiles []
23:18:57.161 [Test worker] DEBUG org.springframework.test.context.support.TestPropertySourceUtils - Adding inlined properties to environment: {spring.jmx.enabled=false, org.springframework.boot.test.autoconfigure.web.servlet.WebMvcTestContextBootstrapper=true}

  .   ____          _            __ _ _
 /\\ / ___'_ __ _ _(_)_ __  __ _ \ \ \ \
( ( )\___ | '_ | '_| | '_ \/ _` | \ \ \ \
 \\/  ___)| |_)| | | | | || (_| |  ) ) ) )
  '  |____| .__|_| |_|_| |_\__, | / / / /
 =========|_|==============|___/=/_/_/_/
 :: Spring Boot ::                (v2.6.2)

]]></system-out>
  <system-err><![CDATA[]]></system-err>
</testsuite>
